2206251
32460635567
-11560177726125346
-772912201051129377439
700934304088834
-3789343820
8913330546
552853866
874160518021249
3408396703
49443314807590
381313657323032
-345231564344
297304205662750210
-50411512697
614853331398822
-2539687907438
-686245032322
-482396550132102
9939220546775
76916259734716
-518349382102
-2214511685704603188
499717982438229
126865483
-1314355266864
-51120137642036
4592498844580
1436640997333293144
-3085293799875
81922428835
8118407465203
988223462761
-33600607730309696109
-825745644435
4782252952467
-6381406284
845051404
5036874781533
6368086938819
405711541234438
41383306
-358791704682
-67968242343092
-1502384
831959
-1598725903958712070056
9868753
-70804707583307
2051920186430268221874839799
-8789084018
-4126632393891
5198187105754
-107829466050736
-746394541868162
10612
11330
-25522843486
-3502045759384705870
-240669622256482614936
-21322450766061
-2168929305855
279528282173
94412
-46063183483413
-52616241538
-308729266203744
-95905748
225608964866
201191074997
421669951599
-818611707214
39645211271
-68999281592302722144
8470647737984
3930509274873
-921815089051
-621143606894160
-134331137104232640
6487262
-287916696876674652360
-5494037177603335797877
60063351
-25250991424
22960
349835930979412
12161554194
-2158227584
-17130915999062669328240
213761150768
950419811455
-1603407584161
722557876075
126002243673078312
1305591794105
596491979234664
390391309
6391562081306
-625525660060977100536523423
-2329537380386
63071211382280
-7255355244396485547744
34908312584391
48515061222105684
148186660512
-5007132441393
-76417100084
56354397165072936286
47601584625577
-233341229843
-88855092417389
43262955714
5149211398291
831238437930
-91198917383164
-25039837050
-537893592709092
-716518671
105653961760
186588576112
-769674082827782014083339831
-460464639
6570736742
-70589504730
-693076039751185790
34718484362647
148974
-4716077847017486753192789780
2984135220827946568662
549139489412886656
-596242816277
-129719185779826418992693176660
13337392746327389325
-543148440
58811147504273
-2034938253218120459664
564332077841278995072
67190546730485
-33479637750324980868480
-61661284025463810050
1843667
2926070883235397425156464
1663244989
3590508621021500664
-60619046205002
394083530988334955280121020
5057050055210
1374423217
615986753094740004
-19371371963161020
-46718474016765
-7052627486595
-72566427812434970628932256
186947303
567812353166
-29085393130249
85598356945801
-29833906325032627444640
-761163600696142
4726390796
66044889175672692
-487401355428
-50716003266913997816792
-3612390133536
238223879064778830
9366783913
344645194960
-4401415853
461798820602542
94105245914298
-622065631499278290071426
4863269
8503421643545
-5312223
-816922855049353
-724454084313
-80490789703746
-97267174064295
-471368332531
-582221159015
-764805739
53930691987919
76827240306658
455537354204434
893476635149156
23547977568285504517083384
989265463684
-91862992033
-39019994470915191774657
738653009570
-1573331471544509285
-92513995
102492792
-46285062756
-1454912945
23258852353776738
-52588099
-343601518955342633049
538040546702373748402013672
-264375340247493610132
33053675165
1206026568972240
90380
-794520995
59035104476
10527837062416
-74157282
-6359858677346167189642290
-38238041
609520875668507762840
843280394499
-834026054852471280
362565223299004502735640
-42647
18928369959
-5486940408491
-118150755776939
-232843508551844883756341371184
-609677647971981517630
9428895918644
-88001975539
600590387967002847
-725549935691
966531002117757
-154831432684472
172707591481400010
-2832470677
-179016871655527024059
-79767667618541
-7048006
-66034008789334
-26233180
-349234727
326922053535987586020
726832250
468108174070985496195655404
133096818567889
-423832375260246465
-5028725667131538048632260
-8138421137898
-8021908454766
-22293567097592870889
-595923746068320
-80663487041339
-8129545390354
1584033767715786417164835
4196018
260425169382543
3246636317398656
-622872896
-894636892635981
-7025824127152
4884547048137
-6113545803
9476150142804
-925253356562530
-2081365229261473078239357040
-1732132603920
9203220
-7962404354501
-526969198
12077488
-745240395708311455442074077
-252601147
-15139461248078514375
-6306004881925570647474
-37634117515235
224136226136836650
-105664
43668100766487
43658569119471
290967777067494710137520
25705786098848053
-569556073712
87343095413137
13923666472736044375
623781
562895752823135227353
-5353875384
-169101137806
3750425777704
7835589567532
845778208249512
2206671098
9880934
-5677941366110484930086
-1010919383715566
86801137692
759183568714009962070389280
12815093653762
-329638303644
-75199860467310006967
-138302862365645
-2304065676374
326971234371378
73915170090
-880659589961955816
-2981712
575627051968623
5975798462
125373301
12375002759951
20380494
508275409191424423835
-11806508092042230
-904075922715
-76912936
-76107021696
-280808064887
421266
-8869523
-6483682003811594720631241
-844560983460
3828106979880337773080
-957446604123
-6030275
-817880653084
-7831201893
396500030110975
-4042686857029069662
-1657360
-810475871
785066369349889
-9002506304617
-8918654859579794
9317414619
425787261880434
1365657919605528101102456848
-457791083965502268394500
3473555120
32698496380287
-45151037750
-71530373033
64470953766637817600
3020791015731
-85764669682142779921154
-226811923639
155972885839485352694127882
38844456829855
-393721001
278001738618529
-17060486082361
-628356217789650
-784620862200
63404644120099928625
-146360748880
59366961221618833989819984
-3570729382285
1010125374816436376820658
-648389125774
54217981931020093809
9617104616
-7542747302401092
-29252613925001244336
-8931886258326523348430581
-2202127425958560
49268693550883
-31011243577
995395587147
-13721938603
-470586590047771530
-53338179
-108941133657723240892040
-27876641348253164404080
-261714551916
189462364005
1753025447235
-3117041060706523962
-1322345042
-44841953662636
-15409322261
530703303646312
-88333219378947
-204310154657766
401494740345198
8664758765011
494778549
2048512
-6706215
455563980739005
-1305362660
11258868641071
-37324
3213499679541
-3253970256549211570
24469428151479
-705896870021
-5196760016001376752
-5145123727304
28715180552341445646
29038804839552
571962393609819
-9746397335918
9862227639
47489673741
166153939790355
-88326701816496
-755964667902491
-280328499044076
-73769540055533316
-186856
6870979156628966988
-371521153727715
821927526515268
490025708667009
-3936595197573
-4648521663561
-4640726292912
78377144876
-4017958696668906
-62874003964879
66063
-661198872713060443803197
345670546213778042475
55610081162
389628860057725
48446021176998
18474012672
541244605873570623303840
-314676205015483
-26081394270146
-64653393
4069658210671212
46442093969098298
-944074829341439
65054721095942203302982340
-930598297
-803390163106
40374047036877
1022440027
-14419405
90184932035052
-5065906186669
4735492389696
73381224859322
853473262555214
-296541151083225
5457569559000
39601279934889497790
20996381306236297498939791675
315434554544688
-25453974842459540605256
36267578537358675
-7177790
13695280
-1440042591
51821169633
26233845912289
70223788365443
81103437034944
5781132668612733359206888915
-4576049544
68020470743
4287890078524472203674006029
-163268553418993427472
-2497836899
-437194916303571836570
-678300088511
-3883889957336147216
-385437268089136861956
34723573357502
-766974155739
486946686
554098661301923334589595006
-277915631284797
2908403220296520
-353142730105188
-8226432140248
-275255338047247619705
6386962309103807455746184804
141257196
-52286780462234049354
9236162014156
766911151529202
-962658286256
-747837672163489
3535784378325594780
207990423
-3011344940760
-79960856956
867883327895
-468852798
-56185646590901
-824036493426118
-23537510268
-33304079706153264
76792769
-33740975557
392441648876
-461621869466253754440
2475715037110027347
218378390506056
-9747384399637
765677758898069473962
39502418225905745465139
250506095703545676
1219729508608
-74906559205
637026143
1406725885023481215027960
