3280262727
-4706767427
10072
-592212670
304
-5146242
1702818
7747443
7987171
-1003355
115658
27
-680193
8659119167
-47628105
-44286026
-5357887
-181223
-849703
-441024
913144057
7762106123
47
90840788
-4515342
-8523618
6374209549
-9332541
-243732150
23789948
-413618485
-647066
5816653
712877
-102648
62278091
6860
4912475173
71
10774293
330622
-24954244
8145
-25668
-178219695
9547275054
-750073605
625706
967
5921
932860661
-2032192681
-5317
902580420
1880415706
48718899
6821231
-54797994
-2338720228
-10144771
372534073
12322
-8968543
-98159
616453359
-659281273
328
4687239287
6942
442835
41247546
65387
-97
365
-661
68
-5445135
-59821554
19039
1230
-50274
-267063
-745949972
2056215855
61
94970567
-882697873
753
-234789
7518929
-15380
9661
6668346
4410052
-802860505
4556404
-49384060
-5802
-302940863
4960394132
99949
7429
252
-2271921100
-56279392
-39197693
-33724
36049542
-83801517
51854168
380363
-861473335
-720
-142
762051611
-3915501402
761014
-351046
7821570046
-593
-606112502
24939487
-7417903
7026054182
6620609892
-707926
137507629
899628833
5362335933
-326277060
-87
10683
-36421
6487
-4557012443
-1481393
1347856
56
42520
1687251
47929950
540857
385
-5206
-464808359
-531361222
-30996
797000320
-45
-6796103
925754
-366774332
-62410975
-3197502
-944
4174073989
43073436
-8112507625
2476900
-919
-133656
-93
-98370580
2433
-768136535
9492271668
-96040
5416658
-54143
17781763
211372887
5534935748
76651397
-783811
-3227186511
-1664304
-89551703
-646821
8248346
343638784
2303896780
1027157787
-5307738782
4662628886
1795
9465151659
-4366452909
5672113531
-88596149
-57724601
96848
853362
-75595015
-7102319
7012
1316755004
6673
-12
6046381411
-4622929451
1231
-743153
53687
21990
865140
-541
693177867
-410395
579867375
905125
549406
3275653603
589793
-7518735
-1657
-2882
-303285623
623058623
943655902
-76784949
805222
718
7465
-9666475381
22315
-631224
374553
-698
-6
2756509209
-293284
21634672
-8953952
-2552521618
6211228922
-41529
-4860
-55726
-409439547
-5568679
-4040191541
557
625321324
-5726591
404
-57481
-131
116563
-7640
-5303703159
2
2894124551
1
-3272686644
-2250570004
-5529007
57014
607437
-735160
312790137
-29475716
-61
34387169
50906
5718
8288748274
33453623
17652
-1929
-9775882557
-5597331327
-9176
940697011
85702
-4664961244
810111420
95290272
-523244503
466015
30020
92104384
-2701
-1017063
226
7329
6846286
-25177
-9495317993
3
59117948
6208516
-5948583286
-6245803030
7490849
-9481326672
892308978
-18297
4989623
-74
-8869986
-1311651144
586
510982842
-9076526345
-799
292077
738
6477580866
-10905923
-9
-2577023
-33710
-23
-932058359
8652
99602519
-38
162709682
-2897571
79859
6675364755
-720
8427760
386644853
-813193647
86640191
-55467
-60723233
-8063792657
9340789
-6376853615
451
3103
31733
306974
92921164
-781679444
560
8690211092
6612174
2586
-2
70784784
321524
611
399525855
84029346
98754741
745634910
-79407266
7499368
9580273
5299
260465061
8792
-237822335
9868275122
-48985866
7414
-633214010
460034608
8146760
2284140886
-76769418
530436
10093330
137150085
-8211079364
-59196
72523297
384501504
996402588
-394138623
29
-530597885
5664083402
4670240918
5668201820
-349173
-176
-39724
95680314
-375291222
24920492
-831588763
6534540
63028
-393371
19140751
-9239356538
-83922318
7916709835
-672694
-5150
-186038565
7759057993
382261818
-7913971706
-198547
-26806
90387
66479847
8844447178
532585022
-771894
1967303238
-132179
9217995867
66027414
-99089713
-839279146
-5703602658
329309
714775
498
70
-9035346103
-6018852492
1746
251
-928113
-88837
-7319777235
-44904
53486
340755486
9744894
-677839
777152521
51246842
-64
79202539
381238491
-2156172
406906777
-986987578
-61292
4377214
5118225221
-763
-8675527
-444907538
-3371697481
2523616
-62216021
4444278
155404
9375934855
141113
-473130950
-4538237
-70965156
98370
9857663275
3858
-737495012
-644235792
-257457725
-100
-84275131
5989374447
-405419
5535776
24673657
-71655060
-4887340677
5673766
18476919
-646039
8281627095
84156468
-6954887
78862
840734999
-2732
695199142
966737
-166669
883852472
-303
30898
6549668365
-320417
-261665
-54417
-97770
-5675888548
-910372547
2870430
-13552
9907
-4248
-43152
-68
2823272091
-7002827
-4237582
-43477206
-93336968
7156925
