85753
24559658
828039864
502556456
112815827
939217171
8631737
7819379
9338571079
1038249
3867
716033190
7
48
411639572
809134677
22496
6
461466
586516
3613657
627067
752059957
269498933
9225
6774344563
5877631518
52702979
8959704600
99057
608159170
24102
63937
533689
34
6554
7453357
61855402
906092032
69450
941163358
2637572
84272419
8885620736
3414953085
5113844
8011
2284106735
89747120
264511
8321
3771148
2150254779
110264962
99277396
84
623
395337
1331162055
390102706
850222
1304
90789411
6754534
7509996423
20337890
4733
8742919879
6245144513
1144
4919906
311503758
6886804961
56
1007
22140
9028918
104639
7664802
6280436356
7499417137
244995451
338068198
9690445565
188649926
11536127
1255756935
27337
532279
9901238046
382024090
9706146991
1160201
384830815
239716
8521447850
5401076
7868
16515540
215758088
4487216790
105873
699621
91023480
49446096
82498
346736
79906
700463942
5858269158
1098
644623
63692332
5243726862
747466
925346
9426073
64600316
4969196121
54740811
52347
10879098
6309780
752508073
51
3659016312
32
87655
128295
9603263736
710883626
756
860485478
9
7021494706
135535
3024869
127
5860860595
32758
216775825
741616974
604
5310614351
532050
1220
5085035361
975
49251
9590261
6459202056
9702949
934377
6003648968
48038
74102021
12098212821
911597924
24083235
357944816
1582377
99899775
333401231
41628279
59260304
1599730281
2793240
68668293
6016482
3425244739
60471186
12486361
245695315
11
265042020
45864038
167158248
9
9913
19161340
592899
4261789
728
27645621
944162
9570907050
75394
97028664
7347676531
827
6554953584
658005101
831393030
68211393
2385724
822
818792625
4840722950
730747857
3076
41043070
7233404
155650619
175009402
222579558
301121864
933578790
785906938
55462651
96008013
841
530387
2044522
4555020
9462074509
5930461
341502
225705090
40384
5463485
5
3185024
1805058122
3026684086
6071862985
690425
6006
467881517
8013
7503
36094
1559969
14922234
9881259057
583816505
3684409434
302949
7
6298298
81895729
505321368
7794960701
6208980
694672659
8517027942
238
5663787
5136146856
175728
46527244
73298
872187
992947950
73891505
5982274783
2134518388
65239394
6745
78722005
2592777
158283640
489097989
551
1253521
1027047
567
4989078664
91118444
4650736
113
7051443546
521056428
552760347
59307
912972
620848
867375797
41547
1416616910
129935815
4919919
4788125392
10328
48786698
9591339321
749965575
2425589453
643112
1318331957
7374865
68549
123648
335734640
919702
712356706
9359149592
1484551
542
147935150
8082067629
6480426369
13445
39296
628216335
8376482
35234
1659598
604936959
145266354
4633408928
4600901
52061
222759539
287228364
5479873499
262924
41652
86141688
1170332
240776
71
12285375736
59405940
428799
64268
40978611
7800865038
51592134
258219
82696064
489320054
936450
504989988
902271111
5354151758
1065
7009
3765535041
8094485716
842866623
8200144739
31876123
819727
287145
40590320
999131005
9560774587
644103
12
8908780849
5570736704
643223
100833779
8294842875
341
2985055
200543
28498591
7150003
5990932504
9835910247
38588715
7782029264
89736
47
440
248288493
3634481
7137
1009775
30337
9849826
8288787
1530
827045
771224
2473609662
418983466
1077374171
327424
463815
787194369
41622102
87342
206787
1154906816
5723147077
461387724
5
22890997
103312652
428816454
540
33183004
540887
1190345
40
369139185
2265219
3309773312
291494
479029
86187
3796329598
849214
9711931
38045035
1176857
427
93731942
6447505
1051
2918059535
944653700
75943879
4308054540
4703
333983
14977
3109451936
4496
7459
799067
2671648
1453932866
912963
456605108
6575817671
91741449
229256
36192
7293815
4764174
246250669
2312883
792467009
63408349
735790
5697
9857179
146998
4771565924
49509808
75664700
6694139
901142529
768448
44408
328517
1891798
91251471
8079426960
714148426
9861482162
554
37486
11388
96322416
23829003
112981902
4287111813
86580596
61452331
9423126578
38438
2845763586
5772726322
5963
241231299
6909761902
458837371
242001608
8332274078
61
970
70
73005912
5427209
6306989
17100286
6689
1667583293
244804604
7682212258
624045
7481958725
55130
303922
51300038
4448429231
764277573
8870544
5834792
875146
59922308
6276919
6810218
1575793132
6250815
870682868
