981
-2226840
-21989371
4213396557
302764
93010445
363
-892
125187073
141
-728412690
8678238
-4168
-730408014
128348477
-3969748
9819524524
9199638
92638
-51926782
-884263008
40941
15307110
-6161
-30447
-16467
4
-903925
-96547513
-275
6
-3633586583
888283546
-1747689171
-165917251
-37
47332661
-159
-7117347227
2
6534
-126
-82125231
295940223
6673768
2
-845282447
317035
1989146
9546245868
-4432123429
-42498071
-8278
-922819
-8649447504
-85188272
451024735
-976827
4548893046
-2595
-10246981
26995
31
313904704
-70483565
354706918
8291
3475606
808873097
6
7644876
-2510
-6064942064
-377496
-5294184
-8102302
-1474713
2532053
2392430
198179907
82756
59973281
-2745220146
3465833103
-80082320
3925291806
-14289
941559407
-5952867701
415160
87490
-624937993
15974853
31004278
796
-5017664
2501648308
-8962186116
753658
-678
21337
-161820
-18031
9933025794
92953
82286542
4446960186
9985399762
-3715498317
-5821390565
696069
468210237
8601800842
72
949578361
-8223117722
1842038
-9150560235
-8229143613
220358
-24508265
11483
874258
69920
7286191
-9147616704
-581964736
-422
-5609259
712962913
-4230874600
-2557580118
-38725624
-84626
-809898889
-14
3
-4882689826
-31231
49980112
2654012
3757987729
618240356
947224
-784
-17574
9184791627
1810652919
-846997
5224555807
40516
-58717363
718936412
-9593525836
-9416466935
144562
3481
98431
4984024
-580
5993570518
1587
-930162
7024277240
-18345299
-7476670727
128282499
4398307422
-1
-2573530957
839182942
514272273
835564980
1623079085
22636
-621
14712
-5145
-2754171047
704130498
30736
1305429
-182672147
-663365601
64
-6243660
3676445295
5802122
-387
-725800453
-38971
-23
-7728
374
-5414470
-37457
710170367
-96450791
-8845
-875890130
773381251
102379
-6544
-9610379540
-61743927
608401924
63871
938777
756377696
5132
742581712
-192189
7022463
-978761
9
50641665
63310118
-29714
-86522243
-8750676
2857252090
-229895231
880878
-313528408
-5029
-356
323
-44684
-6062179062
93417910
367799
26
4386
-4547462717
-2801559
-89614
3141557325
4713
606602576
4845241671
-82781
372
-7299783625
95098
742
-2026357
697430098
895438928
945062
-485102238
726834947
-4304361
370971247
-850603
1834103
-969315
61251944
8906820
-820858
773193463
76449299
618194167
-69308819
107
-34747422
43137
-4896148450
-315112181
-387911219
51987034
-2330026908
4422283
51013
3299
-654479944
-88021103
7908699394
649854451
21708
4316170
42077
7600506870
-3084052874
-4756783659
3657059554
7435400780
-1692466371
-641
-2313806
-35564558
2435566129
-90997605
-36437520
1973
-70545
112
189019
19
-6396066629
-9780426381
8689422844
-211345
360200
811874415
456620068
2742
7392579803
327070
-7834674
3
5692923
-9083
-3
-110226668
-87463858
6549
477
-742745770
372543
-79026618
4830621
555836005
608043
-205177
92219650
-725564
-9881257
-5739
-8742046827
-850372883
416993
-37545078
17716969
-1167627
-3881
-23212750
-772512071
993
960033697
9802
-614878792
-54832
897507643
47884333
-57274201
9339920468
826254269
1616645
95
-7677042578
45
37712092
-268745466
-965721
75805
1599
-693182101
202545
85525800
983617207
95844562
7690
86047
-8795113
-26
-2340
9645459319
2680288241
5858635
-1331432
-805925632
-105929119
48914056
-146657
4234666369
-6937545186
-21351682
620699
345923
-3
1978607627
-703832
-44293582
-5020657956
63374654
-9046
7909908
4882468299
6482695036
-3910078
-492
9110077
6505138
-833056809
218732
700
-6418148
490961
-70673431
10699
-7154946115
-39158064
2396
204
226518
-4454800
386172
-574140
-769132
-804589
816462327
-5506727
119310129
818521645
63
374457180
1944341
13622
7404
385
-84228
30795639
-2881
-793156830
803780291
90762
7173053
-18
-7443102
682692606
49871899
-279010413
-483349
-810300050
25847
372302611
-58
1483537
-2226
-279004
506052541
681978784
-64482121
23748617
137999337
5805655206
-4230
4219738
-5726766
-17406005
-5436906
8858461577
-18307044
4504575
-6567897341
-25
414316707
17123
702588729
776171969
140
87029
1461089403
-29572470
26686533
49086692
-91662
-204486
914904087
-826
-212471
366896300
52657346
4932016448
-7802510408
1252726686
-5272512975
-428985
1177
-51
-10344
-2338
-4167224
396327802
-49256366
956
1
331538
-3052071
-7175332577
522
25784213
571237
-692540604
955073
-209437
98214119
-879984446
1074
-97327
