471048325
78209
2826917712
2506211113626
45892875525408
-808350777447486
990500
18990
-710424946
10074
-2361747886533144
1838076240
1375272704540276
-5825430599151616
-10514242216
-52359592170
3222256393668757025
374272
-347772623757
-38676339478231
-642826899
-497052933854706
-209645964
259466995753830
-118044
-5863930696
20097051746301
6047003193
-185744
-1270234078490
-19243106
109435594
-64013373372
-597098400
188593960860
-612127769
30465805400
-8896592
-368838
-97766371527801180
-2163185640
19867370216
-2376726864
-75166
-20834209733640550
-546868164192
24531075851478
-1686522194696944
37088856
-5040813518
177149502010
-56510526
-344651765
146744871761992908
20970
3995280838753050
-39317808437740300
107319912
-190411175755
-8769696
720970618752
-631284323892390
1717450
230550059214
-504
165966520335
553924125829272
-7473564838608
1589445
149704652724
-1614152771
-14466
0
41239971520
-287202
-743886366
-43578
415750240
-1716119405
4409388213834
1752792
-518940
28069253554594
245321493894
-2648234975
-39305560476
-5063
931501230
-57336578442
-95416169760
-1053077368
-2520
21047775
-192216209391
160
5173977926
-1442182370709
-37874688
0
0
21826291856082
390906457948
-594672
513
-45407444001056912
66
-149611228531712
-185328
2019214
499828855067410
-52470
691416
-282492
284951640
-968
4248403232265075
-7155
-37594776611912
61944007993750
128990640320
60880
-159949375
-34035794739
-3068235
-3759447231638
-1929609
-272
796488
28235350074970
-745
-15392925
-2831883106208
6929017987670
-10025109
-6696903314
-7695
65268
-536727779894
7661288244
-6872580
69207348
-752538013056
14865568412
-98580
-49053868941
-1066044
9633220448990710628
-6186747745646
-18149072766272
487898439
-672408
174796
2161313440
74883402
-680273927858
2760317600
-5402669605200
560252779542
-2850092864838
-588919421484
-31335523473479020018
34692385
2536086644
-3450
9351045500420
2123578500
-1714519512
-1100969200
-28740888
23276341100
149094485
30704323248
718263
-58154232866004522
-59505113405911643
2710492138500
4750601896622
-13328044556
-60187466453305964
49362547440
2318597147
1162
4501398440724
223503858
-50868975892
-1159539054
-43321204115680
3936564
286715955240
4315396176
-497904
-92430480684
10199
5203540158400
3993664056269954004
-4036117674325869
166705245
-94328912418608
280924520
-16905488
-118200291069000
0
-1902804850072
27425964340
3577287636
-2966429730
9324
19848195
13690173631443830400
-33052832472
42659
1742586656003351023
-4255887982720
3861989534
-25914950
1214264571062359040
24745339585727872
-3751448
-11509084334908800
287191944530726334
-29958059957
-1107886618615197
-4935308535
-21084267703844
-3687822
2438627744282877508
-28368952
3808956
-3538953670931
-8
-47469901133552
-76
-52392530170224354
-18313100280
26507083759635351
6025442
1910728579298272552
-32026773301380
8007135341739984
-198
-60432025680
89161566
-535641452
4549961343166624
0
45082288441014264
2914527
3818757750
-7863058
266092354572
-71139112083600
5441038901244320400
165518388
2044342763
-29393600
-20135399702
-12076324
-10217567852819240
983930360240
219256791
-9881457917395
-884
577959225
27613107
-682491870900
8814875798097
-4257717714198
200090304
-17429518528614
3597462
-2837418975
-55537398840
-573864
-152727691595
-7362021752904
-441540
-199804
-151793756
6442470
20708
-5826016
-14200695
-48022741880745441066
70827041592020
-12843784
5686206019273956
-190443560
-2396338411
-38378846870
181580374028285820
-2835
73192
-32926572528
1535971257
4054299288
-6044531675093510925
168
1522972460
-108567989507868
-768501
27717205489644
-13822806652
26932513476
-217560436920
-32759
16
-75756107591376982
3518598938436284
-7653067190
4726079991661141779
57810950824
-51717402432
25538227560675
-792205
-4553590248
63748160
-4203817452016
-5989800620
-35595314
944589806
328653698377608
-418140334171
2618539776
-55128505511139
-8058810
558579
-636930875253
-4654289469429456
398309491829620
60994880036294400
-211496404969333125
5287826640970
158742570861
55940705027848110
-808477810
-3957777525
65781225351314152592
-39596389
1202805648
-2252137085
0
26318256
-27666757554275
31743997
2290525610743368960
2140449291
50355327990
88147086993
-534973994829520
6508469997942
-67728
-63624
758853570904
-24027961500
-2598616926787
13287149756348580
-278238064680
0
2358
-36634660
7761993695
-3656
-1488843866297650
613599932
2104568
5634091260
37382981787900913011
-391700
-3828407294682847530
694709334245415
-228418306452
-25226924670178
6760
0
371759599678291
9524061810
13540754656
6716430754
-102046296
11204804689404
-35260840
-4661006302
-351402356440224068
937453655397
5823648
16205
-196734546
-202459110
-1795058518165
157962194028
-317403389396811960
-48649025
-61957719492500
19188832967953
202616902
-63376
-21369810901782342
-201594654244832
-1495213230286530
-48067308
-2239314
-13754457465
23213172
-16261
4188301087
677818571406768960
-3295721237193298953
45
-208811412460
340318098
-7971825
-3828
13063838593818616
-17878079280
12105838800
-3430968
-617549128
-1841750
-49217300
6776772428724429124
-1396084999
-3808133159493
115091098410405
-1813237350368184
12297542700
-2555599332
-360473552550
-7736598684
14250938688
-33463786280977940
565740274828
1971442045219257744
-301663044240100
2187892161
1978349164
156169798428900
126
1778740
-9941292
104
80646236883
-202474800
-50054202
-1230187
-6710914856910
-28
-219562900
-5662025815840003
204720
48
-370015834664460
-208215026057871
-21026607236334752
601494326627516210
-2702988434560
-3384
-1296603932104
45
-224385611759970
0
-507023473745
-4563492119564
-1213824
240068279160
12292810725
-784110098253659
-4808780078410668
-323390522634
-18
266507688494818
-505832801
-7819249326
-10844400
-33280
0
-109331714933131
3631351141620813
-27945725535
10292293
-5260145905272960
-397617704
-4738274577107208
-15953283594
253494401036
-9189792
-630436352
1821338685
-143157600
40462548
-2826238
53438
4420
-190322656
-4543412251
-21975081735216
4012616043048
-1710767549391555
95588
-81613465355
25673061039
