376805352
4963158
23515673650
80784
2300317578
375912990
50321498182946
191831792
0
10
6179777580528
7790664
11117528727630
46808608
61
21144414000729700
3925822163400
11562468
1315375
884782289074320
38344231222446
19638297
53598178368
69292206803151
287120
699128097320
57191409
4164349940
4831594
30551918635160
47779841340
223618680
27213750
41561333007
171
23255476769070
2448446670
726237190
252972
442152360
365886
15192
349715418840
30399809276
5464033605
2222265032075
51031098280
64824734214394
251211347624214
6224261734944
5098259186680
623087665
88268328635690
577502141
794244
23739628
31161783106144
6875061879
33006225
4650880570
1384444894404
17684882
2006561740836268
940130488
3564
19971457665423280
7027007712
1476359360663968
2212043161441525
98111691151
67116142450
99975784583556
200905
361672920
1459659937152292
264194559
1394941587
67087212152400
2194941099368
21
1043605008600
22092600
2232766714390156
722818574963109
19712457
565347203801380
11368209906586
7083710
695044
68999311
879822
17489667
1553965694799
609805677356436
70432576170904
1509691029
48541944500
1693226005969
13488
6142
21610509414
3708
5074180
3678235790666045
11690
656829
1127075328
4006212574503
99137066
452
38590047762
30
380678466066054543
3705120936506
5842135129
43575
0
5530938470293870466
76680
30513056
2355704521578
211405149956
113787847575521343
10202471610826
119617686
65000766699
44498222
18850598135325
8440938686061
69080
2541989559
199252029708
11240
7325159277400
637216630564164
1664829136945
327656980
2171151
3046973055206720
1174
48198
5074
0
1498379340900
113229120
524525255971
11798365488423264
38422912856
2437310419828
18
6409578
44418609994
11912922164
1818763466
169984412023260942
2147
2608762641525118
216964671443556
29639354214
0
25606827288
82755043866
7452479229220146396
539908795
8469
4113589573662
10478306412
1377773237370431
211666865
638882329820
2979100
246011063331279
81334132425
2828460
1500
26352897300
9147885494
10502882543280
124803258720
2042099652320
73230337012
307416
1797324194600
864
53479342085052
0
81943015
556043216
28771889565199994
4915477162080
9423645
69644
21779769105
490936128
473769298422
658878
64350
312229400
23328
1557782
736411512
1525368
609427930119920
1590552
0
10108
1163731800
36456220275
5187732003706
41591055736146
326258897432
6291499745515
27248
62443359341550
28952
148878
45
48604728609692151
5215
885922848408
11989696565506
30673360823778
222604434408
1282236
84956079
20447433846
1549056
3150
144280816
149109890846000
44189585780
1057987354656232
8461413836605123
48832341844
75296939435925
15619922091400
59598
276583890968
38996998572488
1737382150533724
48874081767
1921293422139626612
9362448
257685
2509874556
58906087760
889488
882536840903030382
225245
147616455
9003711243509239275
1156307426856
750
54086041744
435679856
740024433825
18445
30498703350720
180
25151232
11122
5029974189473233
231496
157392
29438993361514632
2575966527
288928954750
0
263610
56306364
683739988628736
171361848
14131199856228
2530151
1304
157269150
889359660084
353138394653
137828539560315492
61240
21681625914
186540
60494026482
1700248036
6039486210711525
72
9016916
83504159850913
5087265149400
233744
65357392693272687
259029470000
401396620140404
8484901207993745550
206325456
10962
273046995297000
4325760264572
139421794859
2401874955688
7146693567217176
5496
11910105
132021042
145987360
321009885
3396980356
50967347103
2153600256331767
4554
15300
21401293290944
18004688
19618585823
867356919455951
14
12005988103050
4472
488777763600
5234243488124546244
706926207500
30099
288415
153297791541660
1965128916
657184752441490
129668700
18250367354137554807
1845253440
274015769248
24534186381570
570238933984
59908393455
344394
3320569658
7043511133411506
16266192
640
416368691061
0
92529
73755949423510620
1640826
7552147548417
4657929044367816
550187964
6804411449
0
334256308533
595299189170111034
557506527857081838
19978787860609602144
291397626
201007540820
12767709018441
757764153095259456
71595990
5178428424990
1989541
217661915286
15491949476822
681768351
33691578220065625
25
270219403396350
28852320823530270
13314
2112
11342337279
11501248954116888
4860
100039034986
258892837056
1574792251117020
86010933568
677116895007740
5275842
56
639548357860217754
29428878586410
5715569
19114601447720
2229
83730922695
1495092157
73916457453300
851543620
850082855872
34414560
417439995
120823007857990
0
522912329820
120
732018
4700395052448917
28548038863812
7881
90904943088
9280194394255736
688015860
25375350
9489128724
24969396675
2627461101215356
1095924789
2874838689
0
66550174722
0
28619278297842970
335518727458967
530914541124
78232833
515088
16420
445294771824
202350064000
14406733168
276957926
47856
1098
931705789248
70715810560
2
8393795248
700111749105
37507773248754900
18921357821631936
628812558
226147820496
1131948
3100
3769210114437
78243378
909260352
0
220222975620375
3399129344032
120437688848
2964885977393
269477300
19544902
94558035
5232753936
7543413543736
23910699738
25818567644
676386466252
3335629680024
1441380600
617652950
10645197157966
298283322935
4684168198274168
0
65864452
159457480
30648439944
150529766702333974
67981772
0
399892
48974549
3112713
873540
2454443662
562173138
839484
3103895700309200
0
9504495
7579684
947255800
24178852108
1058088
3208572586668948
25500513555706
114939247060
292056765
185520230
9093231151318440
257549246376
2708949137086352
324100028899
82248
4634895272
148214377792
4379476
3648591
1055357552
2222860703175
582344600505
28761918737376
1675
126595597906320
29288292
5045565951904930
2634887429902
3109776
